<?xml version="1.0" encoding="UTF-8"?>
<testsuite xmlns:xsi="http://www.w3.org/2001/XMLSchema-instance" xsi:noNamespaceSchemaLocation="https://maven.apache.org/surefire/maven-surefire-plugin/xsd/surefire-test-report-3.0.xsd" version="3.0" name="com.tonton.sex.AppTest" time="0.085" tests="1" errors="0" skipped="0" failures="0">
  <properties>
    <property name="java.specification.version" value="21"/>
    <property name="sun.cpu.isalist" value="amd64"/>
    <property name="sun.jnu.encoding" value="Cp1251"/>
    <property name="java.class.path" value="C:\Users\Николай\eclipse-workspace\0.0.1\target\test-classes;C:\Users\Николай\eclipse-workspace\0.0.1\target\classes;C:\Users\Николай\.m2\repository\com\microsoft\sqlserver\mssql-jdbc\6.1.0.jre8\mssql-jdbc-6.1.0.jre8.jar;C:\Users\Николай\.m2\repository\com\microsoft\azure\azure-keyvault\0.9.3\azure-keyvault-0.9.3.jar;C:\Users\Николай\.m2\repository\com\microsoft\azure\azure-core\0.9.3\azure-core-0.9.3.jar;C:\Users\Николай\.m2\repository\commons-codec\commons-codec\1.10\commons-codec-1.10.jar;C:\Users\Николай\.m2\repository\commons-lang\commons-lang\2.6\commons-lang-2.6.jar;C:\Users\Николай\.m2\repository\javax\mail\mail\1.4.5\mail-1.4.5.jar;C:\Users\Николай\.m2\repository\javax\activation\activation\1.1\activation-1.1.jar;C:\Users\Николай\.m2\repository\com\sun\jersey\jersey-client\1.13\jersey-client-1.13.jar;C:\Users\Николай\.m2\repository\com\sun\jersey\jersey-core\1.13\jersey-core-1.13.jar;C:\Users\Николай\.m2\repository\com\sun\jersey\jersey-json\1.13\jersey-json-1.13.jar;C:\Users\Николай\.m2\repository\org\codehaus\jettison\jettison\1.1\jettison-1.1.jar;C:\Users\Николай\.m2\repository\stax\stax-api\1.0.1\stax-api-1.0.1.jar;C:\Users\Николай\.m2\repository\com\sun\xml\bind\jaxb-impl\2.2.3-1\jaxb-impl-2.2.3-1.jar;C:\Users\Николай\.m2\repository\javax\xml\bind\jaxb-api\2.2.2\jaxb-api-2.2.2.jar;C:\Users\Николай\.m2\repository\javax\xml\stream\stax-api\1.0-2\stax-api-1.0-2.jar;C:\Users\Николай\.m2\repository\org\codehaus\jackson\jackson-core-asl\1.9.2\jackson-core-asl-1.9.2.jar;C:\Users\Николай\.m2\repository\org\codehaus\jackson\jackson-mapper-asl\1.9.2\jackson-mapper-asl-1.9.2.jar;C:\Users\Николай\.m2\repository\org\codehaus\jackson\jackson-jaxrs\1.9.2\jackson-jaxrs-1.9.2.jar;C:\Users\Николай\.m2\repository\org\codehaus\jackson\jackson-xc\1.9.2\jackson-xc-1.9.2.jar;C:\Users\Николай\.m2\repository\org\apache\httpcomponents\httpclient\4.3.6\httpclient-4.3.6.jar;C:\Users\Николай\.m2\repository\org\apache\httpcomponents\httpcore\4.3.3\httpcore-4.3.3.jar;C:\Users\Николай\.m2\repository\commons-logging\commons-logging\1.1.3\commons-logging-1.1.3.jar;C:\Users\Николай\.m2\repository\javax\inject\javax.inject\1\javax.inject-1.jar;C:\Users\Николай\.m2\repository\com\microsoft\azure\adal4j\1.0.0\adal4j-1.0.0.jar;C:\Users\Николай\.m2\repository\com\nimbusds\oauth2-oidc-sdk\4.5\oauth2-oidc-sdk-4.5.jar;C:\Users\Николай\.m2\repository\net\jcip\jcip-annotations\1.0\jcip-annotations-1.0.jar;C:\Users\Николай\.m2\repository\org\apache\commons\commons-lang3\3.3.1\commons-lang3-3.3.1.jar;C:\Users\Николай\.m2\repository\net\minidev\json-smart\1.1.1\json-smart-1.1.1.jar;C:\Users\Николай\.m2\repository\com\nimbusds\lang-tag\1.4\lang-tag-1.4.jar;C:\Users\Николай\.m2\repository\com\nimbusds\nimbus-jose-jwt\3.1.2\nimbus-jose-jwt-3.1.2.jar;C:\Users\Николай\.m2\repository\org\bouncycastle\bcprov-jdk15on\1.51\bcprov-jdk15on-1.51.jar;C:\Users\Николай\.m2\repository\org\slf4j\slf4j-api\1.7.5\slf4j-api-1.7.5.jar;C:\Users\Николай\.m2\repository\junit\junit\3.8.1\junit-3.8.1.jar;C:\Users\Николай\.m2\repository\org\spigotmc\spigot-api\1.21.7-R0.1-SNAPSHOT\spigot-api-1.21.7-R0.1-SNAPSHOT.jar;C:\Users\Николай\.m2\repository\com\google\guava\guava\33.3.1-jre\guava-33.3.1-jre.jar;C:\Users\Николай\.m2\repository\com\google\guava\failureaccess\1.0.2\failureaccess-1.0.2.jar;C:\Users\Николай\.m2\repository\com\google\guava\listenablefuture\9999.0-empty-to-avoid-conflict-with-guava\listenablefuture-9999.0-empty-to-avoid-conflict-with-guava.jar;C:\Users\Николай\.m2\repository\com\google\code\findbugs\jsr305\3.0.2\jsr305-3.0.2.jar;C:\Users\Николай\.m2\repository\org\checkerframework\checker-qual\3.43.0\checker-qual-3.43.0.jar;C:\Users\Николай\.m2\repository\com\google\errorprone\error_prone_annotations\2.28.0\error_prone_annotations-2.28.0.jar;C:\Users\Николай\.m2\repository\com\google\j2objc\j2objc-annotations\3.0.0\j2objc-annotations-3.0.0.jar;C:\Users\Николай\.m2\repository\com\google\code\gson\gson\2.11.0\gson-2.11.0.jar;C:\Users\Николай\.m2\repository\org\joml\joml\1.10.8\joml-1.10.8.jar;C:\Users\Николай\.m2\repository\net\md-5\bungeecord-serializer\1.21-R0.3\bungeecord-serializer-1.21-R0.3.jar;C:\Users\Николай\.m2\repository\net\md-5\bungeecord-chat\1.21-R0.3\bungeecord-chat-1.21-R0.3.jar;C:\Users\Николай\.m2\repository\net\md-5\bungeecord-dialog\1.21-R0.3\bungeecord-dialog-1.21-R0.3.jar;C:\Users\Николай\.m2\repository\org\yaml\snakeyaml\2.2\snakeyaml-2.2.jar;"/>
    <property name="java.vm.vendor" value="Eclipse Adoptium"/>
    <property name="sun.arch.data.model" value="64"/>
    <property name="user.variant" value=""/>
    <property name="java.vendor.url" value="https://adoptium.net/"/>
    <property name="user.timezone" value="Europe/Moscow"/>
    <property name="os.name" value="Windows 10"/>
    <property name="java.vm.specification.version" value="21"/>
    <property name="sun.java.launcher" value="SUN_STANDARD"/>
    <property name="user.country" value="RU"/>
    <property name="sun.boot.library.path" value="C:\Program Files\Eclipse Adoptium\jdk-21.0.2.13-hotspot\bin"/>
    <property name="sun.java.command" value="C:\Users\Николай\AppData\Local\Temp\surefire3075238523575885885\surefirebooter-20250914041034642_3.jar C:\Users\Николай\AppData\Local\Temp\surefire3075238523575885885 2025-09-14T04-10-34_321-jvmRun1 surefire-20250914041034642_1tmp surefire_0-20250914041034642_2tmp"/>
    <property name="jdk.debug" value="release"/>
    <property name="surefire.test.class.path" value="C:\Users\Николай\eclipse-workspace\0.0.1\target\test-classes;C:\Users\Николай\eclipse-workspace\0.0.1\target\classes;C:\Users\Николай\.m2\repository\com\microsoft\sqlserver\mssql-jdbc\6.1.0.jre8\mssql-jdbc-6.1.0.jre8.jar;C:\Users\Николай\.m2\repository\com\microsoft\azure\azure-keyvault\0.9.3\azure-keyvault-0.9.3.jar;C:\Users\Николай\.m2\repository\com\microsoft\azure\azure-core\0.9.3\azure-core-0.9.3.jar;C:\Users\Николай\.m2\repository\commons-codec\commons-codec\1.10\commons-codec-1.10.jar;C:\Users\Николай\.m2\repository\commons-lang\commons-lang\2.6\commons-lang-2.6.jar;C:\Users\Николай\.m2\repository\javax\mail\mail\1.4.5\mail-1.4.5.jar;C:\Users\Николай\.m2\repository\javax\activation\activation\1.1\activation-1.1.jar;C:\Users\Николай\.m2\repository\com\sun\jersey\jersey-client\1.13\jersey-client-1.13.jar;C:\Users\Николай\.m2\repository\com\sun\jersey\jersey-core\1.13\jersey-core-1.13.jar;C:\Users\Николай\.m2\repository\com\sun\jersey\jersey-json\1.13\jersey-json-1.13.jar;C:\Users\Николай\.m2\repository\org\codehaus\jettison\jettison\1.1\jettison-1.1.jar;C:\Users\Николай\.m2\repository\stax\stax-api\1.0.1\stax-api-1.0.1.jar;C:\Users\Николай\.m2\repository\com\sun\xml\bind\jaxb-impl\2.2.3-1\jaxb-impl-2.2.3-1.jar;C:\Users\Николай\.m2\repository\javax\xml\bind\jaxb-api\2.2.2\jaxb-api-2.2.2.jar;C:\Users\Николай\.m2\repository\javax\xml\stream\stax-api\1.0-2\stax-api-1.0-2.jar;C:\Users\Николай\.m2\repository\org\codehaus\jackson\jackson-core-asl\1.9.2\jackson-core-asl-1.9.2.jar;C:\Users\Николай\.m2\repository\org\codehaus\jackson\jackson-mapper-asl\1.9.2\jackson-mapper-asl-1.9.2.jar;C:\Users\Николай\.m2\repository\org\codehaus\jackson\jackson-jaxrs\1.9.2\jackson-jaxrs-1.9.2.jar;C:\Users\Николай\.m2\repository\org\codehaus\jackson\jackson-xc\1.9.2\jackson-xc-1.9.2.jar;C:\Users\Николай\.m2\repository\org\apache\httpcomponents\httpclient\4.3.6\httpclient-4.3.6.jar;C:\Users\Николай\.m2\repository\org\apache\httpcomponents\httpcore\4.3.3\httpcore-4.3.3.jar;C:\Users\Николай\.m2\repository\commons-logging\commons-logging\1.1.3\commons-logging-1.1.3.jar;C:\Users\Николай\.m2\repository\javax\inject\javax.inject\1\javax.inject-1.jar;C:\Users\Николай\.m2\repository\com\microsoft\azure\adal4j\1.0.0\adal4j-1.0.0.jar;C:\Users\Николай\.m2\repository\com\nimbusds\oauth2-oidc-sdk\4.5\oauth2-oidc-sdk-4.5.jar;C:\Users\Николай\.m2\repository\net\jcip\jcip-annotations\1.0\jcip-annotations-1.0.jar;C:\Users\Николай\.m2\repository\org\apache\commons\commons-lang3\3.3.1\commons-lang3-3.3.1.jar;C:\Users\Николай\.m2\repository\net\minidev\json-smart\1.1.1\json-smart-1.1.1.jar;C:\Users\Николай\.m2\repository\com\nimbusds\lang-tag\1.4\lang-tag-1.4.jar;C:\Users\Николай\.m2\repository\com\nimbusds\nimbus-jose-jwt\3.1.2\nimbus-jose-jwt-3.1.2.jar;C:\Users\Николай\.m2\repository\org\bouncycastle\bcprov-jdk15on\1.51\bcprov-jdk15on-1.51.jar;C:\Users\Николай\.m2\repository\org\slf4j\slf4j-api\1.7.5\slf4j-api-1.7.5.jar;C:\Users\Николай\.m2\repository\junit\junit\3.8.1\junit-3.8.1.jar;C:\Users\Николай\.m2\repository\org\spigotmc\spigot-api\1.21.7-R0.1-SNAPSHOT\spigot-api-1.21.7-R0.1-SNAPSHOT.jar;C:\Users\Николай\.m2\repository\com\google\guava\guava\33.3.1-jre\guava-33.3.1-jre.jar;C:\Users\Николай\.m2\repository\com\google\guava\failureaccess\1.0.2\failureaccess-1.0.2.jar;C:\Users\Николай\.m2\repository\com\google\guava\listenablefuture\9999.0-empty-to-avoid-conflict-with-guava\listenablefuture-9999.0-empty-to-avoid-conflict-with-guava.jar;C:\Users\Николай\.m2\repository\com\google\code\findbugs\jsr305\3.0.2\jsr305-3.0.2.jar;C:\Users\Николай\.m2\repository\org\checkerframework\checker-qual\3.43.0\checker-qual-3.43.0.jar;C:\Users\Николай\.m2\repository\com\google\errorprone\error_prone_annotations\2.28.0\error_prone_annotations-2.28.0.jar;C:\Users\Николай\.m2\repository\com\google\j2objc\j2objc-annotations\3.0.0\j2objc-annotations-3.0.0.jar;C:\Users\Николай\.m2\repository\com\google\code\gson\gson\2.11.0\gson-2.11.0.jar;C:\Users\Николай\.m2\repository\org\joml\joml\1.10.8\joml-1.10.8.jar;C:\Users\Николай\.m2\repository\net\md-5\bungeecord-serializer\1.21-R0.3\bungeecord-serializer-1.21-R0.3.jar;C:\Users\Николай\.m2\repository\net\md-5\bungeecord-chat\1.21-R0.3\bungeecord-chat-1.21-R0.3.jar;C:\Users\Николай\.m2\repository\net\md-5\bungeecord-dialog\1.21-R0.3\bungeecord-dialog-1.21-R0.3.jar;C:\Users\Николай\.m2\repository\org\yaml\snakeyaml\2.2\snakeyaml-2.2.jar;"/>
    <property name="sun.cpu.endian" value="little"/>
    <property name="user.home" value="C:\Users\Николай"/>
    <property name="user.language" value="ru"/>
    <property name="java.specification.vendor" value="Oracle Corporation"/>
    <property name="java.version.date" value="2024-01-16"/>
    <property name="java.home" value="C:\Program Files\Eclipse Adoptium\jdk-21.0.2.13-hotspot"/>
    <property name="file.separator" value="\"/>
    <property name="basedir" value="C:\Users\Николай\eclipse-workspace\0.0.1"/>
    <property name="style.color" value="always"/>
    <property name="java.vm.compressedOopsMode" value="Zero based"/>
    <property name="line.separator" value="&#10;"/>
    <property name="java.vm.specification.vendor" value="Oracle Corporation"/>
    <property name="java.specification.name" value="Java Platform API Specification"/>
    <property name="surefire.real.class.path" value="C:\Users\Николай\AppData\Local\Temp\surefire3075238523575885885\surefirebooter-20250914041034642_3.jar"/>
    <property name="user.script" value=""/>
    <property name="sun.management.compiler" value="HotSpot 64-Bit Tiered Compilers"/>
    <property name="java.runtime.version" value="21.0.2+13-LTS"/>
    <property name="user.name" value="Николай"/>
    <property name="stdout.encoding" value="Cp1251"/>
    <property name="path.separator" value=";"/>
    <property name="os.version" value="10.0"/>
    <property name="java.runtime.name" value="OpenJDK Runtime Environment"/>
    <property name="file.encoding" value="UTF-8"/>
    <property name="java.vm.name" value="OpenJDK 64-Bit Server VM"/>
    <property name="java.vendor.version" value="Temurin-21.0.2+13"/>
    <property name="localRepository" value="C:\Users\Николай\.m2\repository"/>
    <property name="java.vendor.url.bug" value="https://github.com/adoptium/adoptium-support/issues"/>
    <property name="java.io.tmpdir" value="C:\Users\D683~1\AppData\Local\Temp\"/>
    <property name="java.version" value="21.0.2"/>
    <property name="user.dir" value="C:\Users\Николай\eclipse-workspace\0.0.1"/>
    <property name="os.arch" value="amd64"/>
    <property name="java.vm.specification.name" value="Java Virtual Machine Specification"/>
    <property name="sun.os.patch.level" value=""/>
    <property name="native.encoding" value="Cp1251"/>
    <property name="java.library.path" value="C:\Program Files\Eclipse Adoptium\jdk-21.0.2.13-hotspot\bin;C:\Windows\Sun\Java\bin;C:\Windows\system32;C:\Windows;C:/Program Files/Java/jdk-21/bin/server;C:/Program Files/Java/jdk-21/bin;C:\Program Files\Eclipse Adoptium\jdk-17.0.12.7-hotspot\bin;C:\Program Files\Common Files\Oracle\Java\javapath;C:\Program Files (x86)\Common Files\Intel\Shared Libraries\redist\intel64\compiler;C:\Program Files\Eclipse Adoptium\jdk-21.0.2.13-hotspot\bin;C:\Program Files\Eclipse Adoptium\jre-21.0.2.13-hotspot\bin;C:\Program Files (x86)\Common Files\Oracle\Java\javapath;C:\Windows\system32;C:\Windows;C:\Windows\System32\Wbem;C:\Windows\System32\WindowsPowerShell\v1.0\;C:\Windows\System32\OpenSSH\;C:\Program Files\Microsoft SQL Server\150\Tools\Binn\;C:\Program Files\Microsoft SQL Server\Client SDK\ODBC\170\Tools\Binn\;C:\Program Files (x86)\Windows Kits\10\Windows Performance Toolkit\;C:\Program Files\nodejs\;C:\Program Files\Git\cmd;C:\Program Files\dotnet\;C:\Program Files\NVIDIA Corporation\NVIDIA app\NvDLISR;C:\Program Files (x86)\NVIDIA Corporation\PhysX\Common;C:\Program Files\Docker\Docker\resources\bin;C:\Program Files\MySQL\MySQL Shell 8.0\bin\;C:\Users\Николай\AppData\Local\Programs\Python\Launcher\;C:\Users\Николай\AppData\Local\Microsoft\WindowsApps;C:\Users\Николай\AppData\Local\GitHubDesktop\bin;C:\Users\Николай\AppData\Local\Programs\Microsoft VS Code\bin;C:\Users\Николай\AppData\Roaming\npm;C:\Program Files\JetBrains\IntelliJ IDEA 2024.1\bin;;C:\Program Files\JetBrains\IntelliJ IDEA Community Edition 2024.1\bin;;C:\Program Files\JetBrains\PyCharm Community Edition 2024.1.1\bin;;C:\Users\Николай\AppData\Local\Programs\Python\Python312\Scripts;C:\Users\Николай\.dotnet\tools;C:\MinGW\msys\1.0\bin;C:\MinGW\bin;C:\Program Files (x86)\Lua;;C:\Users\Николай\Downloads\nim-2.2.4_x64\nim-2.2.4\bin;C:\Users\Николай\.nimble\bin;C:\Users\Николай\Downloads\nim-2.2.4_x64\nim-2.2.4\dist\mingw64\bin;C:\Windows\System32;;."/>
    <property name="java.vm.info" value="mixed mode, sharing"/>
    <property name="stderr.encoding" value="Cp1251"/>
    <property name="java.vendor" value="Eclipse Adoptium"/>
    <property name="java.vm.version" value="21.0.2+13-LTS"/>
    <property name="sun.io.unicode.encoding" value="UnicodeLittle"/>
    <property name="java.class.version" value="65.0"/>
  </properties>
  <testcase name="testApp" classname="com.tonton.sex.AppTest" time="0.02"/>
</testsuite>